<?xml version="1.0" encoding="UTF-8"?>
<testsuite xmlns:xsi="http://www.w3.org/2001/XMLSchema-instance" xsi:noNamespaceSchemaLocation="https://maven.apache.org/surefire/maven-surefire-plugin/xsd/surefire-test-report.xsd" name="ru.yandex.practicum.filmorate.FilmorateApplicationTests" time="4.238" tests="9" errors="0" skipped="0" failures="0">
  <properties>
[...]
</properties>
  <testcase name="loginWithSpace" classname="ru.yandex.practicum.filmorate.FilmorateApplicationTests" time="0.423"/>
  <testcase name="nullName" classname="ru.yandex.practicum.filmorate.FilmorateApplicationTests" time="0.005"/>
  <testcase name="blankFilmName" classname="ru.yandex.practicum.filmorate.FilmorateApplicationTests" time="0.005"/>
  <testcase name="blankUserName" classname="ru.yandex.practicum.filmorate.FilmorateApplicationTests" time="0.002"/>
  <testcase name="deleteWrongFilm" classname="ru.yandex.practicum.filmorate.FilmorateApplicationTests" time="0.004"/>
  <testcase name="deleteWrongUser" classname="ru.yandex.practicum.filmorate.FilmorateApplicationTests" time="0.004"/>
  <testcase name="incorrectReleaseDate" classname="ru.yandex.practicum.filmorate.FilmorateApplicationTests" time="0.003"/>
  <testcase name="updateWrongFilm" classname="ru.yandex.practicum.filmorate.FilmorateApplicationTests" time="0.004"/>
  <testcase name="updateWrongUser" classname="ru.yandex.practicum.filmorate.FilmorateApplicationTests" time="0.005"/>
</testsuite>